
> quiz-lab@0.1.0 dev
> next dev

▲ Next.js 16.1.6 (Turbopack)
- Local:         http://localhost:3000
- Network:       http://10.255.255.254:3000
- Environments: .env

✓ Starting...
✓ Ready in 16.8s
○ Compiling / ...
 HEAD / 200 in 9.7s (compile: 7.0s, render: 2.7s)
 GET / 200 in 736ms (compile: 95ms, render: 641ms)
○ Compiling /admin/dashboard ...
The width(-1) and height(-1) of chart should be greater than 0,
       please check the style of container, or the props width(100%) and height(100%),
       or add a minWidth(0) or minHeight(undefined) or use aspect(undefined) to control the
       height and width.
 GET /admin/dashboard 200 in 6.5s (compile: 4.8s, render: 1718ms)
 GET / 200 in 557ms (compile: 123ms, render: 434ms)
 GET /test/bread-personality 200 in 10.4s (compile: 10.3s, render: 149ms)
 GET /test/bread-personality 200 in 412ms (compile: 84ms, render: 328ms)
 POST /api/stats 200 in 1560ms (compile: 1072ms, render: 488ms)
 GET /result/bread-personality/croissant 200 in 12.1s (compile: 11.9s, render: 138ms)
 GET /result/bread-personality/croissant 200 in 566ms (compile: 105ms, render: 461ms)
The width(-1) and height(-1) of chart should be greater than 0,
       please check the style of container, or the props width(100%) and height(100%),
       or add a minWidth(0) or minHeight(undefined) or use aspect(undefined) to control the
       height and width.
 GET /admin/dashboard 200 in 1143ms (compile: 147ms, render: 996ms)
 GET / 200 in 261ms (compile: 54ms, render: 206ms)
[?25h
